['ORF1a', '1a', 'pp1a', 'ORF1a/ClvPrd (SARS2)', 'ORF1a proteolytic cleavage product']
found kg/cs: ORF1a
found kg/cs: 1a
found kg/cs: pp1a
found kg/cs: ORF1a/ClvPrd (SARS2)
found kg/cs: ORF1a proteolytic cleavage product
not found in kg: Replicase polyprotein 1a
not found in kg: beta-1a
not found in kg: ß-1a
not found in kg: β-1a
not found in kg: (pp1a
not found in kg: lambda-1a
not found in kg: (1a
not found in kg: B-1a
not found in kg: IFN-ß-1a
not found in kg: IFN-β-1a
not found in kg: (ORF1a
not found in kg: HIF-1a
not found in kg: MIP-1a
not found in kg: IL-1a
not found in kg: -1a

['P0DTC1(4393-4405)', 'rep/Clv:nsp11 (SARS2)', 'UniProtKB:P0DTC1, 4393-4405', 'nsp11 (SARS2)', 'PRO_0000449645', 'Non-structural protein 11', 'nsp-11', 'nsp11', 'ns11', 'ns-11', 'Severe acute respiratory syndrome (SARS) coronavirus nonstructural protein 11']
found kg/cs: P0DTC1(4393-4405)
found kg/cs: rep/Clv:nsp11 (SARS2)
not found in cs: UniProtKB:P0DTC1, 4393-4405
found kg/cs: nsp11 (SARS2)
found kg/cs: PRO_0000449645
found kg/cs: Non-structural protein 11
found kg/cs: nsp-11
found kg/cs: nsp11
not found in cs: ns11
found kg/cs: ns-11
found kg/cs: Severe acute respiratory syndrome (SARS) coronavirus nonstructural protein 11
not found in kg: UniProtKB:P0DTC1
not found in kg: 4393-4405
not found in kg: ns11

['S', 'S protein', 'S glycoprotein (SARS2)', 'surface glycoprotein (SARS2)', 'E2 (SARS2)', 'S (SARS2)', 'peplomer protein (SARS2)', 'Spike glycoprotein', 'Spike', 'spike gene', 'Spike (S) glycoprotein', 'Spike (S)', 'S glycoprotein', 'spike surface glycoprotein (S)', 'E2', 'E2 protein', 'E2']
not found in cs: S
found kg/cs: S protein
found kg/cs: S glycoprotein (SARS2)
found kg/cs: surface glycoprotein (SARS2)
found kg/cs: E2 (SARS2)
found kg/cs: S (SARS2)
found kg/cs: peplomer protein (SARS2)
found kg/cs: Spike glycoprotein
found kg/cs: Spike
found kg/cs: spike gene
found kg/cs: Spike (S) glycoprotein
found kg/cs: Spike (S)
found kg/cs: S glycoprotein
found kg/cs: spike surface glycoprotein (S)
found kg/cs: E2
found kg/cs: E2 protein
found kg/cs: E2
not found in kg: (Spike)
not found in kg: (S protein)
not found in kg: bacTRL-Spike
not found in kg: (E2)
not found in kg: (Spike-RBD)
not found in kg: anti-Spike
not found in kg: ACE2-Spike
not found in kg: ACE2-S protein
not found in kg: S-glycoprotein
not found in kg: "Spike
not found in kg: .Spike
not found in kg: .E2
not found in kg: -S protein
not found in kg: -Spike
not found in kg: (S protein
not found in kg: (Spike
not found in kg: (E2

['P0DTC2(13-685)', 'S', 'UniProtKB:P0DTC2, 13-685', 'PRO_0000449647', 'S1 (SARS2)', 'Spike (S1) glycoprotein', 'Spike protein S1', 'S1 protein', 'spike (S1) protein']
did not find S(13-685)
['P0DTC2(686-1273)', 'S', 'PRO_0000449648', 'UniProtKB:P0DTC2, 686-1273', 'S2 (SARS2)', 'Spike (S2) glycoprotein', 'Spike protein S2', 'S2 protein', 'spike (S2) protein']
found kg/cs: P0DTC2(686-1273)
not found in cs: S
found kg/cs: PRO_0000449648
not found in cs: UniProtKB:P0DTC2, 686-1273
found kg/cs: S2 (SARS2)
found kg/cs: Spike (S2) glycoprotein
found kg/cs: Spike protein S2
not found in cs: S2 protein
found kg/cs: spike (S2) protein
not found in kg: UniProtKB:P0DTC2
not found in kg: 686-1273
not found in kg: S(686-1273)
not found in kg: S2 protein

['P0DTC2(816-1273)', 'S', 'UniProtKB:P0DTC2, 816-1273', "S2' (SARS2)", 'PRO_0000449649', "Spike (S2') glycoprotein", "Spike protein S2'", "S2' protein", "spike (S2') protein"]
found kg/cs: P0DTC2(816-1273)
not found in cs: S
not found in cs: UniProtKB:P0DTC2, 816-1273
found kg/cs: S2' (SARS2)
found kg/cs: PRO_0000449649
found kg/cs: Spike (S2') glycoprotein
found kg/cs: Spike protein S2'
not found in cs: S2' protein
found kg/cs: spike (S2') protein
not found in kg: UniProtKB:P0DTC2
not found in kg: 816-1273
not found in kg: S(816-1273)
not found in kg: S2' protein

['ORF3a', '3a', 'protein U274 (SARS2)', 'PRO_0000449650', 'ORF3a (SARS2)', 'protein X1 (SARS2)', 'accessory protein 3a (SARS2)', 'P0DTC3', 'Protein 3a', 'Accessory protein 3a', 'Protein U274', 'Protein X1', '3a', '3a protein', '3a accessory gene', '3a accessory protein']
found kg/cs: ORF3a
found kg/cs: 3a
found kg/cs: protein U274 (SARS2)
found kg/cs: PRO_0000449650
found kg/cs: ORF3a (SARS2)
found kg/cs: protein X1 (SARS2)
found kg/cs: accessory protein 3a (SARS2)
found kg/cs: P0DTC3
found kg/cs: Protein 3a
found kg/cs: Accessory protein 3a
found kg/cs: Protein U274
found kg/cs: Protein X1
found kg/cs: 3a
found kg/cs: 3a protein
found kg/cs: 3a accessory gene
found kg/cs: 3a accessory protein
not found in kg: ORF3a protein
not found in kg: (3a,
not found in kg: (ORF3a,
not found in kg: (ORF3a)

['sM protein (SARS2)', 'envelope protein (SARS2)', 'E protein (SARS2)', 'E (SARS2)', 'PRO_0000449651', 'P0DTC4', 'Envelope small membrane protein', 'small envelope protein (E)', 'small envelope protein', 'E protein', 'E ']
found kg/cs: sM protein (SARS2)
found kg/cs: envelope protein (SARS2)
found kg/cs: E protein (SARS2)
found kg/cs: E (SARS2)
found kg/cs: PRO_0000449651
found kg/cs: P0DTC4
found kg/cs: Envelope small membrane protein
found kg/cs: small envelope protein (E)
found kg/cs: small envelope protein
found kg/cs: E protein
not found in cs: E 
not found in kg: 2-E protein

['E1 glycoprotein', 'Matrix glycoprotein', 'Matrix protein (M)', 'Membrane glycoprotein', 'Matrix protein', 'Matrix (M) protein']
found kg/cs: E1 glycoprotein
found kg/cs: Matrix glycoprotein
found kg/cs: Matrix protein (M)
found kg/cs: Membrane glycoprotein
found kg/cs: Matrix protein
found kg/cs: Matrix (M) protein
not found in kg: Membrane protein
not found in kg: M protein
not found in kg: S/E/M protein

['ns6', 'X3', 'accessory protein 6 (SARS2)', 'ns6 (SARS2)', 'protein X3 (SARS2)', 'ORF6 (SARS2)', 'PRO_0000449653', 'P0DTC6', 'Non-structural protein 6', 'ns-6', 'Protein X3', '6 accessory gene', '6 accessory protein', '6', 'ORF6']
found kg/cs: ns6
not found in cs: X3
found kg/cs: accessory protein 6 (SARS2)
found kg/cs: ns6 (SARS2)
found kg/cs: protein X3 (SARS2)
found kg/cs: ORF6 (SARS2)
found kg/cs: PRO_0000449653
found kg/cs: P0DTC6
found kg/cs: Non-structural protein 6
found kg/cs: ns-6
found kg/cs: Protein X3
found kg/cs: 6 accessory gene
found kg/cs: 6 accessory protein
not found in cs: 6
found kg/cs: ORF6
not found in kg: X3

['ORF7a', '7a', '7a/SigPep- (SARS2)', 'PRO_0000449654', 'protein 7a, signal peptide removed form', 'UniProtKB:P0DTC7, 16-121', 'protein X4 (SARS2)', 'accessory protein 7a (SARS2)', 'protein U122 (SARS2)', 'ORF7a (SARS2)', '7a', '7a protein', 'protein 7a', '7a accessory gene', '7a accessory protein', 'P0DTC7']
found kg/cs: ORF7a
found kg/cs: 7a
found kg/cs: 7a/SigPep- (SARS2)
found kg/cs: PRO_0000449654
not found in cs: protein 7a, signal peptide removed form
not found in cs: UniProtKB:P0DTC7, 16-121
found kg/cs: protein X4 (SARS2)
found kg/cs: accessory protein 7a (SARS2)
found kg/cs: protein U122 (SARS2)
found kg/cs: ORF7a (SARS2)
found kg/cs: 7a
found kg/cs: 7a protein
found kg/cs: protein 7a
found kg/cs: 7a accessory gene
found kg/cs: 7a accessory protein
found kg/cs: P0DTC7
not found in kg: signal peptide removed form
not found in kg: UniProtKB:P0DTC7
not found in kg: 16-121
not found in kg: ORF7a protein
not found in kg: (7a)
not found in kg: (7a),

['UniProtKB:P0DTC8, 16-121', 'ORF8/SigPep- (SARS2)', 'ORF8 protein, signal peptide removed form', 'PRO_0000449655', 'accessory protein 8', 'ORF8 (SARS2)', 'ns8 (SARS2)', 'Non-structural protein 8', 'Protein non-structural 8', 'ns8', 'ns-8', 'nsp 8', 'nsp8', 'P0DTC8', 'ORF8 protein']
not found in cs: UniProtKB:P0DTC8, 16-121
found kg/cs: ORF8/SigPep- (SARS2)
not found in cs: ORF8 protein, signal peptide removed form
found kg/cs: PRO_0000449655
found kg/cs: accessory protein 8
found kg/cs: ORF8 (SARS2)
found kg/cs: ns8 (SARS2)
found kg/cs: Non-structural protein 8
found kg/cs: Protein non-structural 8
found kg/cs: ns8
found kg/cs: ns-8
found kg/cs: nsp 8
found kg/cs: nsp8
found kg/cs: P0DTC8
found kg/cs: ORF8 protein
not found in kg: signal peptide removed form
not found in kg: UniProtKB:P0DTC8
not found in kg: 16-121
not found in kg: ORF8
not found in kg: ORF8
not found in kg: (ORF8)
not found in kg: (ORF8
not found in kg: -nsp8

['NC', 'Protein N', 'P0DTC9(1-419)', 'N', 'NC (SARS2)', 'N (SARS2)', 'PRO_0000449656', 'nucleocapsid protein (SARS2)', 'protein N (SARS2)', 'nucleoprotein', 'Nucleoprotein (N)', 'Nucleocapsid protein', 'nucleocapsid gene', 'nucleocapsid protein (N) ']
not found in cs: NC
found kg/cs: Protein N
found kg/cs: P0DTC9(1-419)
not found in cs: N
found kg/cs: NC (SARS2)
found kg/cs: N (SARS2)
found kg/cs: PRO_0000449656
found kg/cs: nucleocapsid protein (SARS2)
found kg/cs: protein N (SARS2)
found kg/cs: nucleoprotein
found kg/cs: Nucleoprotein (N)
found kg/cs: Nucleocapsid protein
found kg/cs: nucleocapsid gene
not found in cs: nucleocapsid protein (N) 
not found in kg: nucleocapsid protein (N)
not found in kg: Nucleoprotein
not found in kg: N protein
not found in kg: (nucleoprotein)
not found in kg: (N protein)
not found in kg: anti-Nucleoprotein
not found in kg: anti-nucleoprotein

['rep', '1a-1b', 'ORF1ab', 'ORF1ab/ClvPrd (SARS2)', 'ORF1ab proteolytic cleavage product']
not found in cs: rep
found kg/cs: 1a-1b
found kg/cs: ORF1ab
found kg/cs: ORF1ab/ClvPrd (SARS2)
found kg/cs: ORF1ab proteolytic cleavage product
not found in kg: Replicase polyprotein 1ab
not found in kg: pp1ab
not found in kg: (ORF1ab
not found in kg: (pp1ab

['nsp1', 'P0DTD1(1-180)', 'rep/Clv:nsp1 (SARS2)', 'PRO_0000449619', 'nsp1 (SARS2)', 'UniProtKB:P0DTD1, 1-180', 'PRO_0000449635', 'leader protein (SARS2)', 'UniProtKB:P0DTC1, 1-180', 'non-structural protein 1 (SARS2)', 'nsp-1', 'ns1', 'ns-1', 'host translation inhibitor nsp1', 'Severe acute respiratory syndrome (SARS) coronavirus nonstructural protein 1']
found kg/cs: nsp1
found kg/cs: P0DTD1(1-180)
found kg/cs: rep/Clv:nsp1 (SARS2)
found kg/cs: PRO_0000449619
found kg/cs: nsp1 (SARS2)
not found in cs: UniProtKB:P0DTD1, 1-180
found kg/cs: PRO_0000449635
found kg/cs: leader protein (SARS2)
not found in cs: UniProtKB:P0DTC1, 1-180
found kg/cs: non-structural protein 1 (SARS2)
found kg/cs: nsp-1
found kg/cs: ns1
found kg/cs: ns-1
found kg/cs: host translation inhibitor nsp1
found kg/cs: Severe acute respiratory syndrome (SARS) coronavirus nonstructural protein 1
not found in kg: Host translation inhibitor nsp1
not found in kg: UniProtKB:P0DTD1
not found in kg: 1-180
not found in kg: UniProtKB:P0DTC1
not found in kg: 1-180
not found in kg: (nsp1)
not found in kg: (nsp-1
not found in kg: (nsp1
not found in kg: (nsp1-16)

['P0DTD1(181-818)', 'UniProtKB:P0DTC1, 181-818', 'UniProtKB:P0DTD1, 181-818', 'p65 homolog (SARS2)', 'PRO_0000449636', 'nsp2 (SARS2)', 'rep/Clv:nsp2 (SARS2)', 'PRO_0000449620', 'Non-structural protein 2', 'nsp-2', 'nsp2', 'ns2', 'ns-2', 'Severe acute respiratory syndrome (SARS) coronavirus nonstructural protein 2 ']
did not find nsp2
['PL-PRO', 'P0DTD1(819-2763)', 'UniProtKB:P0DTD1, 819-2763', 'PLpro (SARS2)', 'nsp3 (SARS2)', 'rep/Clv:nsp3 (SARS2)', 'main proteinase (SARS2)', 'papain-like proteinase (SARS2)', 'UniProtKB:P0DTC1, 819-2763', 'PRO_0000449621', 'PRO_0000449637', 'Non-structural protein 3', 'nsp-3', 'nsp3', 'ns3', 'ns-3', 'Papain-like proteinase', 'Papain-like protease', 'Papain-like protease 2', 'Papain-like proteinase 2', 'PL-PRO', 'PL2-PRO', 'PL2pro', 'PLpro', 'Severe acute respiratory syndrome (SARS) coronavirus nonstructural protein 3']
found kg/cs: PL-PRO
found kg/cs: P0DTD1(819-2763)
not found in cs: UniProtKB:P0DTD1, 819-2763
found kg/cs: PLpro (SARS2)
found kg/cs: nsp3 (SARS2)
found kg/cs: rep/Clv:nsp3 (SARS2)
found kg/cs: main proteinase (SARS2)
found kg/cs: papain-like proteinase (SARS2)
not found in cs: UniProtKB:P0DTC1, 819-2763
found kg/cs: PRO_0000449621
found kg/cs: PRO_0000449637
found kg/cs: Non-structural protein 3
found kg/cs: nsp-3
found kg/cs: nsp3
found kg/cs: ns3
found kg/cs: ns-3
found kg/cs: Papain-like proteinase
found kg/cs: Papain-like protease
found kg/cs: Papain-like protease 2
found kg/cs: Papain-like proteinase 2
found kg/cs: PL-PRO
found kg/cs: PL2-PRO
found kg/cs: PL2pro
found kg/cs: PLpro
found kg/cs: Severe acute respiratory syndrome (SARS) coronavirus nonstructural protein 3
not found in kg: UniProtKB:P0DTD1
not found in kg: 819-2763
not found in kg: UniProtKB:P0DTC1
not found in kg: 819-2763
not found in kg: (PLpro
not found in kg: (nsp3
not found in kg: SARS-CoV-2-PLpro

['nsp4', 'P0DTD1(2764-3263)', 'RO_0000449638', 'rep/Clv:nsp4 (SARS2)', 'UniProtKB:P0DTC1, 2764-3263', 'PRO_0000449622', 'nsp4 (SARS2)', 'UniProtKB:P0DTD1, 2764-3263', 'Non-structural protein 4', 'nsp-4', 'nsp4', 'ns4', 'ns-4', 'Severe acute respiratory syndrome (SARS) coronavirus nonstructural protein 4']
found kg/cs: nsp4
found kg/cs: P0DTD1(2764-3263)
found kg/cs: RO_0000449638
found kg/cs: rep/Clv:nsp4 (SARS2)
not found in cs: UniProtKB:P0DTC1, 2764-3263
found kg/cs: PRO_0000449622
found kg/cs: nsp4 (SARS2)
not found in cs: UniProtKB:P0DTD1, 2764-3263
found kg/cs: Non-structural protein 4
found kg/cs: nsp-4
found kg/cs: nsp4
not found in cs: ns4
found kg/cs: ns-4
found kg/cs: Severe acute respiratory syndrome (SARS) coronavirus nonstructural protein 4
not found in kg: UniProtKB:P0DTC1
not found in kg: 2764-3263
not found in kg: UniProtKB:P0DTD1
not found in kg: 2764-3263
not found in kg: ns4

['nsp5', '3CL-PRO', '3CLp', 'Mpro', 'P0DTD1(3264-3569)', 'UniProtKB:P0DTD1, 3264-3569', '3CLpro (SARS2)', 'PRO_0000449623', 'PRO_0000449639', 'UniProtKB:P0DTC1, 3264-3569', 'nsp5 (SARS2)', '3CL-PRO (SARS2)', 'picornavirus 3C-like protease (SARS2)', 'rep/Clv:nsp5 (SARS2)', '3CLp (SARS2)', '3C-like protease', '3C-like proteinase', '3CL pro proteinase', '3CL-PRO', '3CLp', '3CLpro', 'SARS-3CL pro', 'SARS-3CL pro proteinase', 'SARS-3CLpro', 'proteinase 3CL pro', '3-chymotrypsin-like protease (3CLpro)', '3-chymotrypsin-like protease', 'chymotrypsin-like protease', 'chymotrypsin-like cysteine protease', 'Non-structural protein 5', 'nsp-5', 'nsp5', 'ns5', 'ns-5', 'Severe acute respiratory syndrome (SARS) coronavirus nonstructural protein 5', 'M pro', 'main protease', 'main proteinase', 'Mpro', 'SARS coronavirus main proteinase']
found kg/cs: nsp5
found kg/cs: 3CL-PRO
found kg/cs: 3CLp
found kg/cs: Mpro
found kg/cs: P0DTD1(3264-3569)
not found in cs: UniProtKB:P0DTD1, 3264-3569
found kg/cs: 3CLpro (SARS2)
found kg/cs: PRO_0000449623
found kg/cs: PRO_0000449639
not found in cs: UniProtKB:P0DTC1, 3264-3569
found kg/cs: nsp5 (SARS2)
found kg/cs: 3CL-PRO (SARS2)
found kg/cs: picornavirus 3C-like protease (SARS2)
found kg/cs: rep/Clv:nsp5 (SARS2)
found kg/cs: 3CLp (SARS2)
found kg/cs: 3C-like protease
found kg/cs: 3C-like proteinase
found kg/cs: 3CL pro proteinase
found kg/cs: 3CL-PRO
found kg/cs: 3CLp
found kg/cs: 3CLpro
found kg/cs: SARS-3CL pro
found kg/cs: SARS-3CL pro proteinase
found kg/cs: SARS-3CLpro
found kg/cs: proteinase 3CL pro
found kg/cs: 3-chymotrypsin-like protease (3CLpro)
found kg/cs: 3-chymotrypsin-like protease
found kg/cs: chymotrypsin-like protease
found kg/cs: chymotrypsin-like cysteine protease
found kg/cs: Non-structural protein 5
found kg/cs: nsp-5
found kg/cs: nsp5
found kg/cs: ns5
found kg/cs: ns-5
found kg/cs: Severe acute respiratory syndrome (SARS) coronavirus nonstructural protein 5
found kg/cs: M pro
found kg/cs: main protease
found kg/cs: main proteinase
found kg/cs: Mpro
found kg/cs: SARS coronavirus main proteinase
not found in kg: UniProtKB:P0DTD1
not found in kg: 3264-3569
not found in kg: UniProtKB:P0DTC1
not found in kg: 3264-3569
not found in kg: (Mpro
not found in kg: (3CLpro
not found in kg: 3-chymotrypsin-like cysteine protease
not found in kg: (main protease
not found in kg: (nsp5
not found in kg: (M pro
not found in kg: drug-Mpro
not found in kg: (3CLp
not found in kg: (3-chymotrypsin-like cysteine protease
not found in kg: (main protease,
not found in kg: (nsp5,
not found in kg: (Mpro,
not found in kg: (main protease)
not found in kg: (3CLpro)
not found in kg: (nsp5)
not found in kg: (Mpro)
not found in kg: (3-chymotrypsin-like cysteine protease)
not found in kg: SARS-CoV-2-Mpro
not found in kg: SARS-CoV-3CLpro
not found in kg: SARS-CoV-3CLp

['P0DTD1(3570-3859)', 'PRO_0000449640', 'nsp6 (SARS2)', 'PRO_0000449624', 'UniProtKB:P0DTC1, 3570-3859', 'UniProtKB:P0DTD1, 3570-3859', 'rep/Clv:nsp6 (SARS2)', 'Non-structural protein 6', 'nsp-6', 'nsp6', 'ns6', 'ns-6', 'Severe acute respiratory syndrome (SARS) coronavirus nonstructural protein 6']
found kg/cs: P0DTD1(3570-3859)
found kg/cs: PRO_0000449640
found kg/cs: nsp6 (SARS2)
found kg/cs: PRO_0000449624
not found in cs: UniProtKB:P0DTC1, 3570-3859
not found in cs: UniProtKB:P0DTD1, 3570-3859
found kg/cs: rep/Clv:nsp6 (SARS2)
found kg/cs: Non-structural protein 6
found kg/cs: nsp-6
found kg/cs: nsp6
not found in cs: ns6
found kg/cs: ns-6
found kg/cs: Severe acute respiratory syndrome (SARS) coronavirus nonstructural protein 6
not found in kg: UniProtKB:P0DTC1
not found in kg: 3570-3859
not found in kg: UniProtKB:P0DTD1
not found in kg: 3570-3859
not found in kg: ns6

['P0DTD1(3860-3942)', 'rep/Clv:nsp7 (SARS2)', 'PRO_0000449625', 'nsp7 (SARS2)', 'PRO_0000449641', 'UniProtKB:P0DTD1, 3860-3942', 'UniProtKB:P0DTC1, 3860-3942', 'Non-structural protein 7', 'nsp-7', 'nsp7', 'ns7', 'ns-7', 'Severe acute respiratory syndrome (SARS) coronavirus nonstructural protein 7']
found kg/cs: P0DTD1(3860-3942)
found kg/cs: rep/Clv:nsp7 (SARS2)
found kg/cs: PRO_0000449625
found kg/cs: nsp7 (SARS2)
found kg/cs: PRO_0000449641
not found in cs: UniProtKB:P0DTD1, 3860-3942
not found in cs: UniProtKB:P0DTC1, 3860-3942
found kg/cs: Non-structural protein 7
found kg/cs: nsp-7
found kg/cs: nsp7
found kg/cs: ns7
found kg/cs: ns-7
found kg/cs: Severe acute respiratory syndrome (SARS) coronavirus nonstructural protein 7
not found in kg: UniProtKB:P0DTD1
not found in kg: 3860-3942
not found in kg: UniProtKB:P0DTC1
not found in kg: 3860-3942
not found in kg: (nsp7-10)
not found in kg: (nsp7

['P0DTD1(3943-4140)', 'nsp8 (SARS2)', 'PRO_0000449642', 'PRO_0000449626', 'rep/Clv:nsp8 (SARS2)', 'UniProtKB:P0DTD1, 3943-4140', 'UniProtKB:P0DTC1, 3943-4140', 'Non-structural protein 8', 'nsp-8', 'nsp8', 'ns8', 'ns-8', 'Severe acute respiratory syndrome (SARS) coronavirus nonstructural protein 8']
not found in cs: P0DTD1(3943-4140)
not found in cs: nsp8 (SARS2)
not found in cs: PRO_0000449642
not found in cs: PRO_0000449626
not found in cs: rep/Clv:nsp8 (SARS2)
not found in cs: UniProtKB:P0DTD1, 3943-4140
not found in cs: UniProtKB:P0DTC1, 3943-4140
found kg/cs: Non-structural protein 8
not found in cs: nsp-8
found kg/cs: nsp8
found kg/cs: ns8
found kg/cs: ns-8
not found in cs: Severe acute respiratory syndrome (SARS) coronavirus nonstructural protein 8
not found in kg: ORF8 protein
not found in kg: signal peptide removed form
not found in kg: UniProtKB:P0DTC8
not found in kg: 16-121
not found in kg: Protein non-structural 8
not found in kg: ORF8/SigPep- (SARS2)
not found in kg: accessory protein 8
not found in kg: PRO_0000449655
not found in kg: ORF8 (SARS2)
not found in kg: ORF8 protein
not found in kg: ns8 (SARS2)
not found in kg: P0DTC8
not found in kg: nsp 8
not found in kg: ORF8
not found in kg: ORF8
not found in kg: (ORF8)
not found in kg: (ORF8
not found in kg: -nsp8

['P0DTD1(4141-4253)', 'UniProtKB:P0DTC1, 4141-4253', 'nsp9 (SARS2)', 'PRO_0000449643', 'rep/Clv:nsp9 (SARS2)', 'UniProtKB:P0DTD1, 4141-4253', 'PRO_0000449627', 'Non-structural protein 9', 'nsp-9', 'nsp9', 'ns9', 'ns-9', 'Severe acute respiratory syndrome (SARS) coronavirus nonstructural protein 9']
found kg/cs: P0DTD1(4141-4253)
not found in cs: UniProtKB:P0DTC1, 4141-4253
found kg/cs: nsp9 (SARS2)
found kg/cs: PRO_0000449643
found kg/cs: rep/Clv:nsp9 (SARS2)
not found in cs: UniProtKB:P0DTD1, 4141-4253
found kg/cs: PRO_0000449627
found kg/cs: Non-structural protein 9
found kg/cs: nsp-9
found kg/cs: nsp9
not found in cs: ns9
found kg/cs: ns-9
found kg/cs: Severe acute respiratory syndrome (SARS) coronavirus nonstructural protein 9
not found in kg: UniProtKB:P0DTC1
not found in kg: 4141-4253
not found in kg: UniProtKB:P0DTD1
not found in kg: 4141-4253
not found in kg: ns9

['GFL', 'P0DTD1(4254-4392)', 'rep/Clv:nsp10 (SARS2)', 'UniProtKB:P0DTD1, 4254-4392', 'UniProtKB:P0DTC1, 4254-4392', 'growth factor-like peptide (SARS2)', 'PRO_0000449628', 'PRO_0000449644', 'nsp10 (SARS2)', 'GFL (SARS2)', 'Non-structural protein 10', 'nsp-10', 'nsp10', 'ns10', 'ns-10', 'Severe acute respiratory syndrome (SARS) coronavirus nonstructural protein 10']
found kg/cs: GFL
found kg/cs: P0DTD1(4254-4392)
found kg/cs: rep/Clv:nsp10 (SARS2)
not found in cs: UniProtKB:P0DTD1, 4254-4392
not found in cs: UniProtKB:P0DTC1, 4254-4392
found kg/cs: growth factor-like peptide (SARS2)
found kg/cs: PRO_0000449628
found kg/cs: PRO_0000449644
found kg/cs: nsp10 (SARS2)
found kg/cs: GFL (SARS2)
found kg/cs: Non-structural protein 10
found kg/cs: nsp-10
found kg/cs: nsp10
found kg/cs: ns10
found kg/cs: ns-10
found kg/cs: Severe acute respiratory syndrome (SARS) coronavirus nonstructural protein 10
not found in kg: UniProtKB:P0DTD1
not found in kg: 4254-4392
not found in kg: UniProtKB:P0DTC1
not found in kg: 4254-4392
not found in kg: (nsp10)

['Pol', 'RdRp', 'P0DTD1(4393-5324)', 'Pol (SARS2)', 'PRO_0000449629', 'RdRp (SARS2)', 'nsp12 (SARS2)', 'UniProtKB:P0DTD1, 4393-5324', 'ORF1ab/Clv:nsp12 (SARS2)', 'Non-structural protein 12', 'nsp-12', 'nsp12', 'ns12', 'ns-12', 'RNA-dependent RNA polymerase', 'RNA-directed RNA polymerase', 'RdRp', 'Pol', 'Severe acute respiratory syndrome (SARS) coronavirus nonstructural protein 12']
not found in cs: Pol
found kg/cs: RdRp
found kg/cs: P0DTD1(4393-5324)
found kg/cs: Pol (SARS2)
found kg/cs: PRO_0000449629
found kg/cs: RdRp (SARS2)
found kg/cs: nsp12 (SARS2)
not found in cs: UniProtKB:P0DTD1, 4393-5324
found kg/cs: ORF1ab/Clv:nsp12 (SARS2)
found kg/cs: Non-structural protein 12
found kg/cs: nsp-12
found kg/cs: nsp12
found kg/cs: ns12
found kg/cs: ns-12
found kg/cs: RNA-dependent RNA polymerase
found kg/cs: RNA-directed RNA polymerase
found kg/cs: RdRp
not found in cs: Pol
found kg/cs: Severe acute respiratory syndrome (SARS) coronavirus nonstructural protein 12
not found in kg: UniProtKB:P0DTD1
not found in kg: 4393-5324
not found in kg: (nsp12
not found in kg: (RdRp
not found in kg: (RNA-dependent RNA polymerase
not found in kg: holo-RdRp
not found in kg: -RdRp

['Hel', 'P0DTD1(5325-5925)', 'UniProtKB:P0DTD1, 5325-5925', 'ORF1ab/Clv:nsp13 (SARS2)', 'PRO_0000449630', 'nsp13 (SARS2)', 'Hel (SARS2)', 'Non-structural protein 13', 'nsp-13', 'nsp13', 'ns13', 'ns-13', 'helicase', 'Severe acute respiratory syndrome (SARS) coronavirus nonstructural protein 13']
found kg/cs: Hel
found kg/cs: P0DTD1(5325-5925)
not found in cs: UniProtKB:P0DTD1, 5325-5925
found kg/cs: ORF1ab/Clv:nsp13 (SARS2)
found kg/cs: PRO_0000449630
found kg/cs: nsp13 (SARS2)
found kg/cs: Hel (SARS2)
found kg/cs: Non-structural protein 13
found kg/cs: nsp-13
found kg/cs: nsp13
found kg/cs: ns13
found kg/cs: ns-13
found kg/cs: helicase
found kg/cs: Severe acute respiratory syndrome (SARS) coronavirus nonstructural protein 13
not found in kg: UniProtKB:P0DTD1
not found in kg: 5325-5925
not found in kg: Helicase
not found in kg: (nsp13)
not found in kg: (Hel)
not found in kg: (helicase)
not found in kg: NTPase/helicase
not found in kg: /helicase
not found in kg: /Hel

['ExoN', 'P0DTD1(5926-6452)', 'UniProtKB:P0DTD1, 5926-6452', 'ORF1ab/Clv:nsp14 (SARS2)', 'nsp14 (SARS2)', 'ExoN (SARS2)', 'PRO_0000449631', 'bifunctional exonuclease/methyltransferase', 'Non-structural protein 14', 'nsp-14', 'nsp14', 'ns14', 'ns-14', 'Severe acute respiratory syndrome (SARS) coronavirus nonstructural protein 14 ']
found kg/cs: ExoN
found kg/cs: P0DTD1(5926-6452)
not found in cs: UniProtKB:P0DTD1, 5926-6452
found kg/cs: ORF1ab/Clv:nsp14 (SARS2)
found kg/cs: nsp14 (SARS2)
found kg/cs: ExoN (SARS2)
found kg/cs: PRO_0000449631
found kg/cs: bifunctional exonuclease/methyltransferase
found kg/cs: Non-structural protein 14
found kg/cs: nsp-14
found kg/cs: nsp14
found kg/cs: ns14
found kg/cs: ns-14
not found in cs: Severe acute respiratory syndrome (SARS) coronavirus nonstructural protein 14 
not found in kg: Severe acute respiratory syndrome (SARS) coronavirus nonstructural protein 14
not found in kg: Proofreading exoribonuclease
not found in kg: UniProtKB:P0DTD1
not found in kg: 5926-6452
not found in kg: (ExoN)
not found in kg: (nsp14)
not found in kg: (nsp14

['P0DTD1(6453-6798)', 'nsp15 (SARS2)', 'NendoU (SARS2)', 'ORF1ab/Clv:nsp15 (SARS2)', 'PRO_0000449632', 'UniProtKB:P0DTD1, 6453-6798', 'endoRNAse (SARS2)', 'Non-structural protein 15', 'nsp-15', 'nsp15', 'ns15', 'ns-15', 'Severe acute respiratory syndrome (SARS) coronavirus nonstructural protein 15', 'uridylate-specific endoribonuclease']
found kg/cs: P0DTD1(6453-6798)
found kg/cs: nsp15 (SARS2)
found kg/cs: NendoU (SARS2)
found kg/cs: ORF1ab/Clv:nsp15 (SARS2)
found kg/cs: PRO_0000449632
not found in cs: UniProtKB:P0DTD1, 6453-6798
found kg/cs: endoRNAse (SARS2)
found kg/cs: Non-structural protein 15
found kg/cs: nsp-15
found kg/cs: nsp15
found kg/cs: ns15
found kg/cs: ns-15
found kg/cs: Severe acute respiratory syndrome (SARS) coronavirus nonstructural protein 15
found kg/cs: uridylate-specific endoribonuclease
not found in kg: Uridylate-specific endoribonuclease
not found in kg: UniProtKB:P0DTD1
not found in kg: 6453-6798
not found in kg: (nsp15),
not found in kg: (nsp15)

['P0DTD1(6799-7096)', "2'-O-methyltransferase", 'nsp16 (SARS2)', "2'-O-ribose methyltransferase (SARS2)", 'UniProtKB:P0DTD1, 6799-7096', 'PRO_0000449633', 'ORF1ab/Clv:nsp16 (SARS2)', 'Non-structural protein 16', 'nsp-16', 'nsp16', 'ns16', 'ns-16', 'Severe acute respiratory syndrome (SARS) coronavirus nonstructural protein 16 ']
found kg/cs: P0DTD1(6799-7096)
found kg/cs: 2'-O-methyltransferase
found kg/cs: nsp16 (SARS2)
found kg/cs: 2'-O-ribose methyltransferase (SARS2)
not found in cs: UniProtKB:P0DTD1, 6799-7096
found kg/cs: PRO_0000449633
found kg/cs: ORF1ab/Clv:nsp16 (SARS2)
found kg/cs: Non-structural protein 16
found kg/cs: nsp-16
found kg/cs: nsp16
found kg/cs: ns16
found kg/cs: ns-16
not found in cs: Severe acute respiratory syndrome (SARS) coronavirus nonstructural protein 16 
not found in kg: Severe acute respiratory syndrome (SARS) coronavirus nonstructural protein 16
not found in kg: UniProtKB:P0DTD1
not found in kg: 6799-7096
not found in kg: (nsp16)
not found in kg: (nsp-16)

['ORF9b', 'ORF-9b', 'PRO_0000449657', 'accessory protein 9b (SARS2)', 'ORF-9b (SARS2)', 'ORF9b (SARS2)', 'P0DTD2', 'Protein 9b', 'Accessory protein 9b', 'ORF-9b', '9b protein', '9b accessory gene', '9b accessory protein', '9b']
found kg/cs: ORF9b
found kg/cs: ORF-9b
found kg/cs: PRO_0000449657
found kg/cs: accessory protein 9b (SARS2)
found kg/cs: ORF-9b (SARS2)
found kg/cs: ORF9b (SARS2)
found kg/cs: P0DTD2
found kg/cs: Protein 9b
found kg/cs: Accessory protein 9b
found kg/cs: ORF-9b
found kg/cs: 9b protein
found kg/cs: 9b accessory gene
found kg/cs: 9b accessory protein
found kg/cs: 9b
not found in kg: accessory protein 9b
not found in kg: rSARS-CoV-Δ[6–9b]
not found in kg: E,6-9b
not found in kg: 6–9b

['ORF14 (SARS2)', 'P0DTD3', 'PRO_0000449658', 'Uncharacterized protein 14', 'ORF14', 'ORF-14']
found kg/cs: ORF14 (SARS2)
found kg/cs: P0DTD3
found kg/cs: PRO_0000449658
found kg/cs: Uncharacterized protein 14
found kg/cs: ORF14
found kg/cs: ORF-14
not found in kg: ORF14

['ORF7b', 'ns7b', 'ns7b (SARS2)', 'accessory protein 7b (SARS2)', 'ORF7b (SARS2)', 'ORF 7b', 'PRO_0000449799', 'P0DTD8', 'protein 7b', 'ns7b', 'ns-7b', 'Accessory protein 7b', '7b ']
found kg/cs: ORF7b
found kg/cs: ns7b
found kg/cs: ns7b (SARS2)
found kg/cs: accessory protein 7b (SARS2)
found kg/cs: ORF7b (SARS2)
found kg/cs: ORF 7b
found kg/cs: PRO_0000449799
found kg/cs: P0DTD8
found kg/cs: protein 7b
found kg/cs: ns7b
found kg/cs: ns-7b
found kg/cs: Accessory protein 7b
not found in cs: 7b 
not found in kg: 7b
not found in kg: (ORF7b)

30 32
